Fetching registry information from https://github.com/microsoft/vcpkg (HEAD)...
Detecting compiler hash for triplet x64-windows...
Compiler found: C:/Program Files/Microsoft Visual Studio/18/Community/VC/Tools/MSVC/14.50.35717/bin/Hostx64/x64/cl.exe
The following packages will be built and installed:
    fmt:x64-windows@12.1.0 -- git+https://github.com/microsoft/vcpkg@936231a2c765082457d348a8781ea9d3610eb331
  * vcpkg-cmake:x64-windows@2024-04-23 -- git+https://github.com/microsoft/vcpkg@e74aa1e8f93278a8e71372f1fa08c3df420eb840
  * vcpkg-cmake-config:x64-windows@2024-05-23 -- git+https://github.com/microsoft/vcpkg@97a63e4bc1a17422ffe4eff71da53b4b561a7841
Additional packages (*) will be modified to complete this operation.
Restored 3 package(s) from C:\Users\Gabriel Ramalho\AppData\Local\vcpkg\archives in 203 ms. Use --debug to see more details.
Installing 1/3 vcpkg-cmake-config:x64-windows@2024-05-23...
vcpkg-cmake-config:x64-windows@2024-05-23 package ABI: 7bbfdbef8a4b43ae19156ac01e28df956cc7277bf237af0f20a6b1e5e8ae7cf5
Elapsed time to handle vcpkg-cmake-config:x64-windows: 40.2 ms
Installing 2/3 vcpkg-cmake:x64-windows@2024-04-23...
vcpkg-cmake:x64-windows@2024-04-23 package ABI: a048866c9038de7aa14d6a6c07fc1ebe1e06c89159dfe899a1bdf92b7439cf98
Elapsed time to handle vcpkg-cmake:x64-windows: 93.4 ms
Installing 3/3 fmt:x64-windows@12.1.0...
fmt:x64-windows@12.1.0 package ABI: 26afa80415c62c14eea834270d9e28fbbab9c4021073fa46a0720c357de7aa13
Elapsed time to handle fmt:x64-windows: 157 ms
Installed contents are licensed to you by owners. Microsoft is not responsible for, nor does it grant any licenses to, third-party packages.
Packages installed in this vcpkg installation declare the following licenses:
MIT
The package fmt provides CMake targets:

    find_package(fmt CONFIG REQUIRED)
    target_link_libraries(main PRIVATE fmt::fmt)

    # Or use the header-only version
    find_package(fmt CONFIG REQUIRED)
    target_link_libraries(main PRIVATE fmt::fmt-header-only)

All requested installations completed successfully in: 300 ms
